<?xml version="1.0" encoding="UTF-8"?>
<!-- Generated by org.testng.reporters.JUnitReportReporter -->
<testsuite hostname="ASIA100093" failures="0" tests="6" name="api.test.TC_003_DataProviderTest" time="8.598" errors="0" timestamp="2024-02-06T07:45:26 IST" skipped="0">
  <testcase classname="api.test.TC_003_DataProviderTest" name="SetData" time="0.034"/>
  <system-out/>
  <testcase classname="api.test.TC_003_DataProviderTest" name="SetData" time="0.014"/>
  <system-out/>
  <testcase classname="api.test.TC_003_DataProviderTest" name="SetData" time="0.014"/>
  <system-out/>
  <testcase classname="api.test.TC_003_DataProviderTest" name="SetData" time="0.015"/>
  <system-out/>
  <testcase classname="api.test.TC_003_DataProviderTest" name="SetData" time="0.013"/>
  <system-out/>
  <testcase classname="api.test.TC_003_DataProviderTest" name="PostUser" time="8.508"/>
  <system-out/>
</testsuite> <!-- api.test.TC_003_DataProviderTest -->
