<?xml version="1.0" encoding="UTF-8"?>
<!-- Generated by org.testng.reporters.JUnitReportReporter -->
<testsuite hostname="ASIA100093" failures="0" tests="2" name="api.test.TC_002_UserWithArray" time="39.617" errors="0" timestamp="2024-02-01T18:59:11 IST" skipped="0">
  <testcase classname="api.test.TC_002_UserWithArray" name="Post_WithArray" time="8.156"/>
  <system-out/>
  <testcase classname="api.test.TC_002_UserWithArray" name="GetLogin" time="31.461"/>
  <system-out/>
</testsuite> <!-- api.test.TC_002_UserWithArray -->
