<?xml version="1.0" encoding="UTF-8"?>
<!-- Generated by org.testng.reporters.JUnitReportReporter -->
<testsuite hostname="ASIA100093" failures="0" tests="6" name="api.test.TC_001_UserTest" time="8.539" errors="0" timestamp="2024-02-01T18:29:18 IST" skipped="0">
  <testcase classname="api.test.TC_001_UserTest" name="TestPostUser" time="2.982"/>
  <system-out/>
  <testcase classname="api.test.TC_001_UserTest" name="TestGetUser" time="1.147"/>
  <system-out/>
  <testcase classname="api.test.TC_001_UserTest" name="TestUpdateUser" time="1.109"/>
  <system-out/>
  <testcase classname="api.test.TC_001_UserTest" name="GetUpdateUser" time="1.079"/>
  <system-out/>
  <testcase classname="api.test.TC_001_UserTest" name="TestDeleteUser" time="1.132"/>
  <system-out/>
  <testcase classname="api.test.TC_001_UserTest" name="TestCheckUserDeleted" time="1.090"/>
  <system-out/>
</testsuite> <!-- api.test.TC_001_UserTest -->
