<?xml version="1.0" encoding="UTF-8"?>
<!-- Generated by org.testng.reporters.JUnitReportReporter -->
<testsuite hostname="ASIA100093" failures="0" tests="6" name="api.test.TC_003_DataProviderTest" time="7.121" errors="0" timestamp="2024-02-06T16:10:13 IST" skipped="0">
  <testcase classname="api.test.TC_003_DataProviderTest" name="SetData" time="0.019"/>
  <system-out/>
  <testcase classname="api.test.TC_003_DataProviderTest" name="SetData" time="0.007"/>
  <system-out/>
  <testcase classname="api.test.TC_003_DataProviderTest" name="SetData" time="0.007"/>
  <system-out/>
  <testcase classname="api.test.TC_003_DataProviderTest" name="SetData" time="0.006"/>
  <system-out/>
  <testcase classname="api.test.TC_003_DataProviderTest" name="SetData" time="0.007"/>
  <system-out/>
  <testcase classname="api.test.TC_003_DataProviderTest" name="PostUser" time="7.075"/>
  <system-out/>
</testsuite> <!-- api.test.TC_003_DataProviderTest -->
